<?xml version="1.0" encoding="UTF-8"?>
<!-- Generated by org.testng.reporters.JUnitXMLReporter -->
<testsuite ignored="0" hostname="was-5mwmd6r-mac" failures="0" tests="4" name="IOSTest" time="5.998" errors="0" timestamp="2021-04-17T17:53:19 CEST">
  <testcase classname="IOSTest.iOSTestValidations" name="mainBodyValidation" time="0.509"/>
  <testcase classname="IOSTest.iOSTestValidations" name="ButtonUIValidation" time="0.295"/>
  <testcase classname="IOSTest.iOSTestValidations" name="ButtonFunctionalValidation" time="3.242"/>
  <testcase classname="IOSTest.iOSTestValidations" name="labelCurrencyValidation" time="0.692"/>
</testsuite> <!-- IOSTest -->
