<?xml version="1.0" encoding="UTF-8"?>
<!-- Generated by org.testng.reporters.JUnitXMLReporter -->
<testsuite ignored="0" hostname="was-5mwmd6r-mac" failures="0" tests="4" name="androidTest" time="4.613" errors="0" timestamp="2021-04-17T17:55:12 CEST">
  <testcase classname="AndroidTest.AndroidTestValidations" name="titleValidation" time="0.765"/>
  <testcase classname="AndroidTest.AndroidTestValidations" name="optionValidations" time="1.985"/>
  <testcase classname="AndroidTest.AndroidTestValidations" name="contentalidations" time="0.214"/>
  <testcase classname="AndroidTest.AndroidTestValidations" name="mailValidations" time="1.2"/>
</testsuite> <!-- androidTest -->
