<?xml version="1.0" encoding="UTF-8"?>
<!-- Generated by org.testng.reporters.JUnitXMLReporter -->
<testsuite ignored="3" hostname="was-5mwmd6r-mac" failures="0" tests="1" name="Default test" time="9.34" errors="0" timestamp="2021-04-17T16:22:01 CEST">
  <testcase classname="IOSTest.iOSTestValidations" name="ButtonFunctionalValidation" time="3.443"/>
  <testcase classname="IOSTest.iOSTestValidations" name="mainBodyValidation" time="0.0">
    <ignored/>
  </testcase> <!-- mainBodyValidation -->
  <testcase classname="IOSTest.iOSTestValidations" name="ButtonUIValidation" time="0.0">
    <ignored/>
  </testcase> <!-- ButtonUIValidation -->
  <testcase classname="IOSTest.iOSTestValidations" name="labelCurrencyValidation" time="0.0">
    <ignored/>
  </testcase> <!-- labelCurrencyValidation -->
</testsuite> <!-- Default test -->
