<?xml version="1.0" encoding="UTF-8"?>
<!-- Generated by org.testng.reporters.JUnitXMLReporter -->
<testsuite ignored="0" hostname="was-5mwmd6r-mac" failures="0" tests="4" name="AndroidTest" time="12.821" errors="0" timestamp="2021-04-17T16:25:38 CEST">
  <testcase classname="AndroidTest.AndroidTestValidations" name="titleValidation" time="0.814"/>
  <testcase classname="AndroidTest.AndroidTestValidations" name="optionValidations" time="1.478"/>
  <testcase classname="AndroidTest.AndroidTestValidations" name="contentalidations" time="0.84"/>
  <testcase classname="AndroidTest.AndroidTestValidations" name="mailValidations" time="1.266"/>
</testsuite> <!-- AndroidTest -->
