<?xml version="1.0" encoding="UTF-8"?>
<!-- Generated by org.testng.reporters.JUnitXMLReporter -->
<testsuite ignored="0" hostname="was-5mwmd6r-mac" failures="0" tests="4" name="IOSTest" time="10.363" errors="0" timestamp="2021-04-17T16:19:57 CEST">
  <testcase classname="IOSTest.iOSTestValidations" name="mainBodyValidation" time="0.511"/>
  <testcase classname="IOSTest.iOSTestValidations" name="ButtonUIValidation" time="0.302"/>
  <testcase classname="IOSTest.iOSTestValidations" name="ButtonFunctionalValidation" time="3.081"/>
  <testcase classname="IOSTest.iOSTestValidations" name="labelCurrencyValidation" time="0.702"/>
</testsuite> <!-- IOSTest -->
