<?xml version="1.0" encoding="UTF-8"?>
<!-- Generated by org.testng.reporters.JUnitXMLReporter -->
<testsuite ignored="0" hostname="was-5mwmd6r-mac" failures="0" tests="4" name="androidTest" time="6.897" errors="0" timestamp="2021-04-17T17:34:17 CEST">
  <testcase classname="AndroidTest.AndroidTestValidations" name="titleValidation" time="1.188"/>
  <testcase classname="AndroidTest.AndroidTestValidations" name="optionValidations" time="2.677"/>
  <testcase classname="AndroidTest.AndroidTestValidations" name="contentalidations" time="0.556"/>
  <testcase classname="AndroidTest.AndroidTestValidations" name="mailValidations" time="2.103"/>
</testsuite> <!-- androidTest -->
