<?xml version="1.0" encoding="UTF-8"?>
<testsuite xmlns:xsi="http://www.w3.org/2001/XMLSchema-instance" xsi:noNamespaceSchemaLocation="https://maven.apache.org/surefire/maven-surefire-plugin/xsd/surefire-test-report-3.0.xsd" version="3.0" name="TestSuite" time="20.145" tests="4" errors="0" skipped="0" failures="0">
  <properties>
[...]
</properties>
  <testcase name="titleValidation" classname="AndroidTest.AndroidTestValidations" time="0.822"/>
  <testcase name="optionValidations" classname="AndroidTest.AndroidTestValidations" time="1.986"/>
  <testcase name="contentalidations" classname="AndroidTest.AndroidTestValidations" time="0.216"/>
  <testcase name="mailValidations" classname="AndroidTest.AndroidTestValidations" time="1.201"/>
</testsuite>